d:\onedrive\onedrive - buaa.edu.cn\copy_able_vs\wordlist\wordlist\debug\wordlist.pch
d:\onedrive\onedrive - buaa.edu.cn\copy_able_vs\wordlist\wordlist\debug\vc141.pdb
d:\onedrive\onedrive - buaa.edu.cn\copy_able_vs\wordlist\wordlist\debug\vc141.idb
d:\onedrive\onedrive - buaa.edu.cn\copy_able_vs\wordlist\wordlist\debug\wordlist.pchast
d:\onedrive\onedrive - buaa.edu.cn\copy_able_vs\wordlist\wordlist\debug\pch.nativecodeanalysis.xml
d:\onedrive\onedrive - buaa.edu.cn\copy_able_vs\wordlist\wordlist\debug\pch.obj
d:\onedrive\onedrive - buaa.edu.cn\copy_able_vs\wordlist\wordlist\debug\wordlist.nativecodeanalysis.xml
d:\onedrive\onedrive - buaa.edu.cn\copy_able_vs\wordlist\wordlist\debug\wordlist.obj
d:\onedrive\onedrive - buaa.edu.cn\copy_able_vs\wordlist\debug\wordlist.ilk
d:\onedrive\onedrive - buaa.edu.cn\copy_able_vs\wordlist\debug\wordlist.exe
d:\onedrive\onedrive - buaa.edu.cn\copy_able_vs\wordlist\debug\wordlist.pdb
d:\onedrive\onedrive - buaa.edu.cn\copy_able_vs\wordlist\wordlist\debug\nativecodeanalysis.read.1.tlog
d:\onedrive\onedrive - buaa.edu.cn\copy_able_vs\wordlist\wordlist\debug\vc.nativecodeanalysis.all.xml
d:\onedrive\onedrive - buaa.edu.cn\copy_able_vs\wordlist\debug\wordlist.exe.lastcodeanalysissucceeded
d:\onedrive\onedrive - buaa.edu.cn\copy_able_vs\wordlist\wordlist\debug\wordlist.tlog\cl.command.1.tlog
d:\onedrive\onedrive - buaa.edu.cn\copy_able_vs\wordlist\wordlist\debug\wordlist.tlog\cl.read.1.tlog
d:\onedrive\onedrive - buaa.edu.cn\copy_able_vs\wordlist\wordlist\debug\wordlist.tlog\cl.write.1.tlog
d:\onedrive\onedrive - buaa.edu.cn\copy_able_vs\wordlist\wordlist\debug\wordlist.tlog\link.command.1.tlog
d:\onedrive\onedrive - buaa.edu.cn\copy_able_vs\wordlist\wordlist\debug\wordlist.tlog\link.read.1.tlog
d:\onedrive\onedrive - buaa.edu.cn\copy_able_vs\wordlist\wordlist\debug\wordlist.tlog\link.write.1.tlog
