d:\onedrive\onedrive - buaa.edu.cn\vsfile\core\core\release\vc141.pdb
d:\onedrive\onedrive - buaa.edu.cn\vsfile\core\core\release\core.nativecodeanalysis.xml
d:\onedrive\onedrive - buaa.edu.cn\vsfile\core\core\release\aa.nativecodeanalysis.xml
d:\onedrive\onedrive - buaa.edu.cn\vsfile\core\core\release\aa.obj
d:\onedrive\onedrive - buaa.edu.cn\vsfile\core\core\release\core.obj
d:\onedrive\onedrive - buaa.edu.cn\vsfile\core\release\core.lib
d:\onedrive\onedrive - buaa.edu.cn\vsfile\core\release\core.exp
d:\onedrive\onedrive - buaa.edu.cn\vsfile\core\release\core.ipdb
d:\onedrive\onedrive - buaa.edu.cn\vsfile\core\release\core.iobj
d:\onedrive\onedrive - buaa.edu.cn\vsfile\core\release\core.dll
d:\onedrive\onedrive - buaa.edu.cn\vsfile\core\release\core.pdb
d:\onedrive\onedrive - buaa.edu.cn\vsfile\core\core\release\nativecodeanalysis.read.1.tlog
d:\onedrive\onedrive - buaa.edu.cn\vsfile\core\core\release\vc.nativecodeanalysis.all.xml
d:\onedrive\onedrive - buaa.edu.cn\vsfile\core\core\release\core.tlog\cl.command.1.tlog
d:\onedrive\onedrive - buaa.edu.cn\vsfile\core\core\release\core.tlog\cl.read.1.tlog
d:\onedrive\onedrive - buaa.edu.cn\vsfile\core\core\release\core.tlog\cl.write.1.tlog
d:\onedrive\onedrive - buaa.edu.cn\vsfile\core\core\release\core.tlog\core.write.1u.tlog
d:\onedrive\onedrive - buaa.edu.cn\vsfile\core\core\release\core.tlog\link.command.1.tlog
d:\onedrive\onedrive - buaa.edu.cn\vsfile\core\core\release\core.tlog\link.read.1.tlog
d:\onedrive\onedrive - buaa.edu.cn\vsfile\core\core\release\core.tlog\link.write.1.tlog
